CRITICAL - 2023-08-27 14:47:18 --> syntax error, unexpected ':'
in APPPATH\Config\Routes.php on line 36.
 1 SYSTEMPATH\CodeIgniter.php(800): CodeIgniter\Router\RouteCollection->loadRoutes()
 2 SYSTEMPATH\CodeIgniter.php(447): CodeIgniter\CodeIgniter->tryToRouteIt(null)
 3 SYSTEMPATH\CodeIgniter.php(366): CodeIgniter\CodeIgniter->handleRequest(null, Object(Config\Cache), false)
 4 FCPATH\index.php(67): CodeIgniter\CodeIgniter->run()
CRITICAL - 2023-08-27 14:47:43 --> syntax error, unexpected ':'
in APPPATH\Config\Routes.php on line 36.
 1 SYSTEMPATH\CodeIgniter.php(800): CodeIgniter\Router\RouteCollection->loadRoutes()
 2 SYSTEMPATH\CodeIgniter.php(447): CodeIgniter\CodeIgniter->tryToRouteIt(null)
 3 SYSTEMPATH\CodeIgniter.php(366): CodeIgniter\CodeIgniter->handleRequest(null, Object(Config\Cache), false)
 4 FCPATH\index.php(67): CodeIgniter\CodeIgniter->run()
INFO - 2023-08-27 14:48:13 --> Session: Class initialized using 'CodeIgniter\Session\Handlers\FileHandler' driver.
CRITICAL - 2023-08-27 14:55:53 --> Invalid file: "front/acerca_de.php"
in SYSTEMPATH\Exceptions\FrameworkException.php on line 33.
 1 SYSTEMPATH\View\View.php(212): CodeIgniter\Exceptions\FrameworkException::forInvalidFile('front/acerca_de.php')
 2 SYSTEMPATH\Common.php(1176): CodeIgniter\View\View->render('front/acerca_de', [], true)
 3 APPPATH\Controllers\Home.php(25): view('front/acerca_de')
 4 SYSTEMPATH\CodeIgniter.php(932): App\Controllers\Home->acerca_de()
 5 SYSTEMPATH\CodeIgniter.php(497): CodeIgniter\CodeIgniter->runController(Object(App\Controllers\Home))
 6 SYSTEMPATH\CodeIgniter.php(366): CodeIgniter\CodeIgniter->handleRequest(null, Object(Config\Cache), false)
 7 FCPATH\index.php(67): CodeIgniter\CodeIgniter->run()
CRITICAL - 2023-08-27 14:56:01 --> Invalid file: "front/quienes_somos.php"
in SYSTEMPATH\Exceptions\FrameworkException.php on line 33.
 1 SYSTEMPATH\View\View.php(212): CodeIgniter\Exceptions\FrameworkException::forInvalidFile('front/quienes_somos.php')
 2 SYSTEMPATH\Common.php(1176): CodeIgniter\View\View->render('front/quienes_somos', [], true)
 3 APPPATH\Controllers\Home.php(18): view('front/quienes_somos')
 4 SYSTEMPATH\CodeIgniter.php(932): App\Controllers\Home->quienes_somos()
 5 SYSTEMPATH\CodeIgniter.php(497): CodeIgniter\CodeIgniter->runController(Object(App\Controllers\Home))
 6 SYSTEMPATH\CodeIgniter.php(366): CodeIgniter\CodeIgniter->handleRequest(null, Object(Config\Cache), false)
 7 FCPATH\index.php(67): CodeIgniter\CodeIgniter->run()
INFO - 2023-08-27 14:57:23 --> Session: Class initialized using 'CodeIgniter\Session\Handlers\FileHandler' driver.
CRITICAL - 2023-08-27 22:28:44 --> Invalid file: "front/quienes_somos.php"
in SYSTEMPATH\Exceptions\FrameworkException.php on line 33.
 1 SYSTEMPATH\View\View.php(212): CodeIgniter\Exceptions\FrameworkException::forInvalidFile('front/quienes_somos.php')
 2 SYSTEMPATH\Common.php(1176): CodeIgniter\View\View->render('front/quienes_somos', [], true)
 3 APPPATH\Controllers\Home.php(18): view('front/quienes_somos')
 4 SYSTEMPATH\CodeIgniter.php(932): App\Controllers\Home->quienes_somos()
 5 SYSTEMPATH\CodeIgniter.php(497): CodeIgniter\CodeIgniter->runController(Object(App\Controllers\Home))
 6 SYSTEMPATH\CodeIgniter.php(366): CodeIgniter\CodeIgniter->handleRequest(null, Object(Config\Cache), false)
 7 FCPATH\index.php(67): CodeIgniter\CodeIgniter->run()
CRITICAL - 2023-08-27 22:29:22 --> Invalid file: "front/acerca_de.php"
in SYSTEMPATH\Exceptions\FrameworkException.php on line 33.
 1 SYSTEMPATH\View\View.php(212): CodeIgniter\Exceptions\FrameworkException::forInvalidFile('front/acerca_de.php')
 2 SYSTEMPATH\Common.php(1176): CodeIgniter\View\View->render('front/acerca_de', [], true)
 3 APPPATH\Controllers\Home.php(25): view('front/acerca_de')
 4 SYSTEMPATH\CodeIgniter.php(932): App\Controllers\Home->acerca_de()
 5 SYSTEMPATH\CodeIgniter.php(497): CodeIgniter\CodeIgniter->runController(Object(App\Controllers\Home))
 6 SYSTEMPATH\CodeIgniter.php(366): CodeIgniter\CodeIgniter->handleRequest(null, Object(Config\Cache), false)
 7 FCPATH\index.php(67): CodeIgniter\CodeIgniter->run()
INFO - 2023-08-27 22:35:03 --> Session: Class initialized using 'CodeIgniter\Session\Handlers\FileHandler' driver.
INFO - 2023-08-27 22:35:09 --> Session: Class initialized using 'CodeIgniter\Session\Handlers\FileHandler' driver.
